J:\学习\VC练习\XmlWrapper\thrid\tinyxml\ReleasetinyxmlSTL\BscMake.command.1.tlog
J:\学习\VC练习\XmlWrapper\thrid\tinyxml\ReleasetinyxmlSTL\bscmake.read.1.tlog
J:\学习\VC练习\XmlWrapper\thrid\tinyxml\ReleasetinyxmlSTL\bscmake.write.1.tlog
J:\学习\VC练习\XmlWrapper\thrid\tinyxml\ReleasetinyxmlSTL\cl.command.1.tlog
J:\学习\VC练习\XmlWrapper\thrid\tinyxml\ReleasetinyxmlSTL\CL.read.1.tlog
J:\学习\VC练习\XmlWrapper\thrid\tinyxml\ReleasetinyxmlSTL\CL.write.1.tlog
J:\学习\VC练习\XmlWrapper\thrid\tinyxml\ReleasetinyxmlSTL\lib.command.1.tlog
J:\学习\VC练习\XmlWrapper\thrid\tinyxml\ReleasetinyxmlSTL\Lib-link.read.1.tlog
J:\学习\VC练习\XmlWrapper\thrid\tinyxml\ReleasetinyxmlSTL\Lib-link.write.1.tlog
J:\学习\VC练习\XMLWRAPPER\THRID\TINYXML\RELEASETINYXMLSTL\TINYSTR.OBJ
J:\学习\VC练习\XMLWRAPPER\THRID\TINYXML\RELEASETINYXMLSTL\TINYSTR.SBR
J:\学习\VC练习\XMLWRAPPER\THRID\TINYXML\RELEASETINYXMLSTL\TINYXML.OBJ
J:\学习\VC练习\XMLWRAPPER\THRID\TINYXML\RELEASETINYXMLSTL\TINYXML.SBR
J:\学习\VC练习\XMLWRAPPER\THRID\TINYXML\RELEASETINYXMLSTL\TINYXMLERROR.OBJ
J:\学习\VC练习\XMLWRAPPER\THRID\TINYXML\RELEASETINYXMLSTL\TINYXMLERROR.SBR
J:\学习\VC练习\XMLWRAPPER\THRID\TINYXML\RELEASETINYXMLSTL\TINYXMLPARSER.OBJ
J:\学习\VC练习\XMLWRAPPER\THRID\TINYXML\RELEASETINYXMLSTL\TINYXMLPARSER.SBR
J:\学习\VC练习\XMLWRAPPER\THRID\TINYXML\RELEASETINYXMLSTL\TINYXMLSTL.BSC
J:\学习\VC练习\XMLWRAPPER\THRID\TINYXML\RELEASETINYXMLSTL\TINYXMLSTL.LIB
J:\学习\VC练习\XMLWRAPPER\THRID\TINYXML\RELEASETINYXMLSTL\VC100.PDB
