生成启动时间为 2012/5/2 10:54:04。
     1>项目“J:\学习\VC练习\XmlWrapper\thrid\tinyxml\tinyxmlSTL.vcxproj”在节点 2 上(build 个目标)。
     1>InitializeBuildStatus:
         正在创建“J:\学习\VC练习\XmlWrapper\thrid\tinyxml\ReleasetinyxmlSTL\tinyxmlSTL.unsuccessfulbuild”，因为已指定“AlwaysCreate”。
       ClCompile:
         所有输出均为最新。
         D:\Program Files\Microsoft Visual Studio 10.0\VC\bin\CL.exe /c /Zi /nologo /W3 /WX- /O2 /Ob1 /Oy- /D WIN32 /D NDEBUG /D _LIB /D TIXML_USE_STL /D _VC80_UPGRADE=0x0600 /D _MBCS /GF /Gm- /EHsc /MD /GS /Gy /fp:precise /Zc:wchar_t /Zc:forScope /Fo"J:\学习\VC练习\XmlWrapper\thrid\tinyxml\ReleasetinyxmlSTL\\" /Fd"J:\学习\VC练习\XmlWrapper\thrid\tinyxml\ReleasetinyxmlSTL\vc100.pdb" /FR"J:\学习\VC练习\XmlWrapper\thrid\tinyxml\ReleasetinyxmlSTL\\" /Gd /TP /analyze- /errorReport:prompt tinystr.cpp tinyxml.cpp tinyxmlerror.cpp tinyxmlparser.cpp
         tinystr.cpp
         tinyxml.cpp
         tinyxmlerror.cpp
         tinyxmlparser.cpp
         正在生成代码...
       Lib:
         D:\Program Files\Microsoft Visual Studio 10.0\VC\bin\Lib.exe /OUT:"J:\学习\VC练习\XmlWrapper\thrid\tinyxml\ReleasetinyxmlSTL\tinyxmlSTL.lib" /NOLOGO "J:\学习\VC练习\XmlWrapper\thrid\tinyxml\ReleasetinyxmlSTL\tinystr.obj"
         "J:\学习\VC练习\XmlWrapper\thrid\tinyxml\ReleasetinyxmlSTL\tinyxml.obj"
         "J:\学习\VC练习\XmlWrapper\thrid\tinyxml\ReleasetinyxmlSTL\tinyxmlerror.obj"
         "J:\学习\VC练习\XmlWrapper\thrid\tinyxml\ReleasetinyxmlSTL\tinyxmlparser.obj"
         tinyxmlSTL.vcxproj -> J:\学习\VC练习\XmlWrapper\thrid\tinyxml\ReleasetinyxmlSTL\tinyxmlSTL.lib
       BscMake:
         D:\Program Files\Microsoft Visual Studio 10.0\VC\bin\bscmake.exe /nologo /o"J:\学习\VC练习\XmlWrapper\thrid\tinyxml\ReleasetinyxmlSTL\tinyxmlSTL.bsc" "J:\学习\VC练习\XmlWrapper\thrid\tinyxml\ReleasetinyxmlSTL\tinystr.sbr" "J:\学习\VC练习\XmlWrapper\thrid\tinyxml\ReleasetinyxmlSTL\tinyxml.sbr" "J:\学习\VC练习\XmlWrapper\thrid\tinyxml\ReleasetinyxmlSTL\tinyxmlerror.sbr" "J:\学习\VC练习\XmlWrapper\thrid\tinyxml\ReleasetinyxmlSTL\tinyxmlparser.sbr"
       FinalizeBuildStatus:
         正在删除文件“J:\学习\VC练习\XmlWrapper\thrid\tinyxml\ReleasetinyxmlSTL\tinyxmlSTL.unsuccessfulbuild”。
         正在对“J:\学习\VC练习\XmlWrapper\thrid\tinyxml\ReleasetinyxmlSTL\tinyxmlSTL.lastbuildstate”执行 Touch 任务。
     1>已完成生成项目“J:\学习\VC练习\XmlWrapper\thrid\tinyxml\tinyxmlSTL.vcxproj”(build 个目标)的操作。

生成成功。

已用时间 00:00:02.44
