生成启动时间为 2012/4/28 10:33:10。
     1>项目“J:\学习\VC练习\XmlWrapper\thrid\tinyxml\tinyxmlSTL.vcxproj”在节点 2 上(build 个目标)。
     1>InitializeBuildStatus:
         正在创建“J:\学习\VC练习\XmlWrapper\thrid\tinyxml\DebugtinyxmlSTL\tinyxmlSTL.unsuccessfulbuild”，因为已指定“AlwaysCreate”。
       ClCompile:
         所有输出均为最新。
         D:\Program Files\Microsoft Visual Studio 10.0\VC\bin\CL.exe /c /ZI /nologo /W4 /WX- /Od /Oy- /D WIN32 /D _DEBUG /D _LIB /D TIXML_USE_STL /D _VC80_UPGRADE=0x0600 /D _MBCS /Gm /EHsc /RTC1 /MDd /GS /fp:precise /Zc:wchar_t /Zc:forScope /Fo"J:\学习\VC练习\XmlWrapper\thrid\tinyxml\DebugtinyxmlSTL\\" /Fd"J:\学习\VC练习\XmlWrapper\thrid\tinyxml\DebugtinyxmlSTL\vc100.pdb" /FR"J:\学习\VC练习\XmlWrapper\thrid\tinyxml\DebugtinyxmlSTL\\" /Gd /TP /analyze- /errorReport:prompt tinystr.cpp tinyxml.cpp tinyxmlerror.cpp tinyxmlparser.cpp
         tinyxmlparser.cpp
         tinyxmlerror.cpp
         tinyxml.cpp
         tinystr.cpp
         正在生成代码...
       Lib:
         D:\Program Files\Microsoft Visual Studio 10.0\VC\bin\Lib.exe /OUT:"J:\学习\VC练习\XmlWrapper\thrid\tinyxml\DebugtinyxmlSTL\tinyxmlSTL.lib" /NOLOGO "J:\学习\VC练习\XmlWrapper\thrid\tinyxml\DebugtinyxmlSTL\tinystr.obj"
         "J:\学习\VC练习\XmlWrapper\thrid\tinyxml\DebugtinyxmlSTL\tinyxml.obj"
         "J:\学习\VC练习\XmlWrapper\thrid\tinyxml\DebugtinyxmlSTL\tinyxmlerror.obj"
         "J:\学习\VC练习\XmlWrapper\thrid\tinyxml\DebugtinyxmlSTL\tinyxmlparser.obj"
         tinyxmlSTL.vcxproj -> J:\学习\VC练习\XmlWrapper\thrid\tinyxml\DebugtinyxmlSTL\tinyxmlSTL.lib
       BscMake:
         D:\Program Files\Microsoft Visual Studio 10.0\VC\bin\bscmake.exe /nologo /o"J:\学习\VC练习\XmlWrapper\thrid\tinyxml\DebugtinyxmlSTL\tinyxmlSTL.bsc" "J:\学习\VC练习\XmlWrapper\thrid\tinyxml\DebugtinyxmlSTL\tinystr.sbr" "J:\学习\VC练习\XmlWrapper\thrid\tinyxml\DebugtinyxmlSTL\tinyxml.sbr" "J:\学习\VC练习\XmlWrapper\thrid\tinyxml\DebugtinyxmlSTL\tinyxmlerror.sbr" "J:\学习\VC练习\XmlWrapper\thrid\tinyxml\DebugtinyxmlSTL\tinyxmlparser.sbr"
       FinalizeBuildStatus:
         正在删除文件“J:\学习\VC练习\XmlWrapper\thrid\tinyxml\DebugtinyxmlSTL\tinyxmlSTL.unsuccessfulbuild”。
         正在对“J:\学习\VC练习\XmlWrapper\thrid\tinyxml\DebugtinyxmlSTL\tinyxmlSTL.lastbuildstate”执行 Touch 任务。
     1>已完成生成项目“J:\学习\VC练习\XmlWrapper\thrid\tinyxml\tinyxmlSTL.vcxproj”(build 个目标)的操作。

生成成功。

已用时间 00:00:01.88
